<?xml version="1.0" encoding="UTF-8"?>
<!-- Generated by org.testng.reporters.JUnitReportReporter -->
<testsuite hostname="DESKTOP-8IQ4LON" failures="0" tests="1" name="com.hrms.TestScripts.Case2" time="18.325" errors="0" timestamp="27 Nov 2020 08:04:48 GMT">
  <testcase classname="com.hrms.TestScripts.Case2" name="tc_002" time="18.325"/>
</testsuite> <!-- com.hrms.TestScripts.Case2 -->
